{
  "RSpec": {
    "coverage": {
      "/Users/joeingram/projects/week10/bank-tech-test/spec/bank_spec.rb": [
        1,
        1,
        null,
        1,
        7,
        2,
        null,
        1,
        1,
        1,
        null,
        null,
        1,
        1,
        null,
        null,
        1,
        1,
        null,
        null,
        null,
        1,
        1,
        1,
        1,
        null,
        null,
        null,
        1,
        1,
        1,
        1,
        1,
        null,
        null,
        null,
        null,
        null,
        1,
        1,
        1,
        1,
        1,
        1,
        null,
        null,
        null
      ],
      "/Users/joeingram/projects/week10/bank-tech-test/lib/Bank.rb": [
        1,
        1,
        null,
        1,
        1,
        null,
        1,
        6,
        6,
        null,
        null,
        1,
        4,
        4,
        4,
        null,
        null,
        1,
        2,
        2,
        2,
        null,
        null,
        1,
        1,
        null,
        null,
        1,
        null,
        1,
        6,
        null,
        null
      ],
      "/Users/joeingram/projects/week10/bank-tech-test/lib/transaction.rb": [
        1,
        null,
        1,
        null,
        1,
        null,
        1,
        0,
        0,
        0,
        0,
        0,
        null,
        null,
        1,
        null,
        1,
        0,
        null,
        null
      ],
      "/Users/joeingram/projects/week10/bank-tech-test/lib/statement.rb": [
        1,
        1,
        null,
        1,
        0,
        null,
        null,
        1,
        0,
        null,
        null,
        1,
        0,
        0,
        0,
        null,
        null,
        1,
        0,
        null,
        null
      ],
      "/Users/joeingram/projects/week10/bank-tech-test/lib/Statement.rb": [
        1,
        1,
        null,
        1,
        7,
        null,
        null,
        1,
        1,
        null,
        null,
        1,
        1,
        4,
        1,
        null,
        null,
        1,
        1,
        null,
        null
      ],
      "/Users/joeingram/projects/week10/bank-tech-test/spec/statement_spec.rb": [
        1,
        null,
        1,
        2,
        1,
        1,
        null,
        null
      ],
      "/Users/joeingram/projects/week10/bank-tech-test/spec/transaction_spec.rb": [
        1,
        null,
        1,
        5,
        2,
        1,
        1,
        1,
        null,
        null,
        1,
        1,
        null,
        null,
        1,
        1,
        null,
        null,
        1,
        1,
        null,
        null,
        null
      ],
      "/Users/joeingram/projects/week10/bank-tech-test/lib/Transaction.rb": [
        1,
        null,
        1,
        null,
        1,
        null,
        1,
        10,
        10,
        10,
        10,
        10,
        null,
        null,
        1,
        null,
        1,
        10,
        null,
        null
      ]
    },
    "timestamp": 1509443867
  }
}
